<?xml version="1.0" ?>
<!DOCTYPE coverage
  SYSTEM 'http://cobertura.sourceforge.net/xml/coverage-03.dtd'>
<coverage branch-rate="0.5032" line-rate="0.6185" timestamp="1452774677505" version="3.7.1">
	<!-- Generated by coverage.py: http://nedbatchelder.com/code/coverage -->
	<packages>
		<package branch-rate="0.5032" complexity="0" line-rate="0.6185" name=".usr.local.lib.python2.7.dist-packages.b2handle-0.1dev_r0-py2.7">
			<classes>
				<class branch-rate="0" complexity="0" filename="/var/lib/jenkins/jobs/B2HANDLE_devel/workspace/b2handle/__init__.py" line-rate="0" name="/var/lib/jenkins/jobs/B2HANDLE_devel/workspace/b2handle/__init__">
					<methods/>
					<lines/>
				</class>
				<class branch-rate="1" complexity="0" filename="/var/lib/jenkins/jobs/B2HANDLE_devel/workspace/b2handle/clientcredentials.py" line-rate="1" name="/var/lib/jenkins/jobs/B2HANDLE_devel/workspace/b2handle/clientcredentials">
					<methods/>
					<lines>
						<line hits="1" number="7"/>
						<line hits="1" number="8"/>
						<line hits="1" number="9"/>
						<line hits="1" number="11"/>
						<line hits="1" number="22"/>
						<line hits="1" number="42"/>
						<line hits="1" number="43"/>
						<line hits="1" number="45"/>
						<line hits="1" number="46"/>
						<line hits="1" number="47"/>
						<line hits="1" number="48"/>
						<line hits="1" number="54"/>
						<line hits="1" number="57"/>
						<line hits="1" number="65"/>
						<line hits="1" number="66"/>
						<line branch="true" condition-coverage="100% (2/2)" hits="1" number="67"/>
						<line branch="true" condition-coverage="100% (2/2)" hits="1" number="68"/>
						<line hits="1" number="69"/>
						<line branch="true" condition-coverage="100% (2/2)" hits="1" number="70"/>
						<line hits="1" number="71"/>
						<line branch="true" condition-coverage="100% (2/2)" hits="1" number="72"/>
						<line hits="1" number="73"/>
						<line hits="1" number="75"/>
						<line hits="1" number="77"/>
						<line hits="1" number="88"/>
						<line hits="1" number="89"/>
						<line hits="1" number="90"/>
						<line hits="1" number="91"/>
						<line hits="1" number="92"/>
						<line branch="true" condition-coverage="100% (2/2)" hits="1" number="93"/>
						<line hits="1" number="94"/>
						<line hits="1" number="96"/>
						<line hits="1" number="98"/>
						<line hits="1" number="100"/>
						<line hits="1" number="102"/>
						<line hits="1" number="104"/>
						<line hits="1" number="106"/>
						<line hits="1" number="108"/>
						<line hits="1" number="110"/>
					</lines>
				</class>
				<class branch-rate="0.5209" complexity="0" filename="/var/lib/jenkins/jobs/B2HANDLE_devel/workspace/b2handle/handleclient.py" line-rate="0.623" name="/var/lib/jenkins/jobs/B2HANDLE_devel/workspace/b2handle/handleclient">
					<methods/>
					<lines>
						<line hits="1" number="9"/>
						<line hits="1" number="10"/>
						<line hits="1" number="11"/>
						<line hits="1" number="12"/>
						<line hits="1" number="13"/>
						<line hits="1" number="14"/>
						<line hits="1" number="15"/>
						<line hits="1" number="16"/>
						<line hits="1" number="17"/>
						<line hits="1" number="18"/>
						<line hits="1" number="19"/>
						<line hits="1" number="25"/>
						<line hits="1" number="26"/>
						<line hits="0" number="27"/>
						<line hits="1" number="29"/>
						<line hits="1" number="31"/>
						<line hits="1" number="32"/>
						<line hits="1" number="33"/>
						<line hits="1" number="34"/>
						<line hits="1" number="36"/>
						<line hits="1" number="44"/>
						<line hits="1" number="80"/>
						<line hits="1" number="84"/>
						<line hits="1" number="85"/>
						<line hits="1" number="86"/>
						<line hits="1" number="87"/>
						<line hits="1" number="88"/>
						<line hits="1" number="89"/>
						<line hits="1" number="90"/>
						<line hits="1" number="91"/>
						<line hits="1" number="92"/>
						<line hits="1" number="93"/>
						<line hits="1" number="94"/>
						<line hits="1" number="95"/>
						<line hits="1" number="96"/>
						<line hits="1" number="97"/>
						<line branch="true" condition-coverage="100% (2/2)" hits="1" number="101"/>
						<line hits="1" number="102"/>
						<line hits="1" number="103"/>
						<line hits="1" number="104"/>
						<line branch="true" condition-coverage="100% (2/2)" hits="1" number="106"/>
						<line hits="1" number="107"/>
						<line hits="1" number="108"/>
						<line branch="true" condition-coverage="50% (1/2)" hits="1" number="110"/>
						<line hits="0" number="111"/>
						<line hits="0" number="112"/>
						<line branch="true" condition-coverage="50% (1/2)" hits="1" number="116"/>
						<line hits="0" number="117"/>
						<line hits="0" number="118"/>
						<line branch="true" condition-coverage="50% (1/2)" hits="1" number="120"/>
						<line hits="0" number="121"/>
						<line hits="0" number="122"/>
						<line branch="true" condition-coverage="50% (1/2)" hits="1" number="124"/>
						<line hits="0" number="125"/>
						<line hits="0" number="126"/>
						<line branch="true" condition-coverage="100% (2/2)" hits="1" number="130"/>
						<line branch="true" condition-coverage="50% (1/2)" hits="1" number="131"/>
						<line hits="0" number="132"/>
						<line branch="true" condition-coverage="100% (2/2)" hits="1" number="133"/>
						<line branch="true" condition-coverage="50% (1/2)" hits="1" number="134"/>
						<line hits="0" number="135"/>
						<line hits="1" number="136"/>
						<line branch="true" condition-coverage="100% (2/2)" hits="1" number="137"/>
						<line hits="1" number="138"/>
						<line branch="true" condition-coverage="50% (1/2)" hits="1" number="139"/>
						<line hits="0" number="140"/>
						<line branch="true" condition-coverage="100% (2/2)" hits="1" number="142"/>
						<line hits="1" number="143"/>
						<line hits="1" number="144"/>
						<line hits="1" number="145"/>
						<line hits="1" number="146"/>
						<line hits="1" number="147"/>
						<line hits="1" number="148"/>
						<line hits="1" number="149"/>
						<line branch="true" condition-coverage="100% (2/2)" hits="1" number="154"/>
						<line hits="1" number="155"/>
						<line hits="1" number="156"/>
						<line branch="true" condition-coverage="100% (2/2)" hits="1" number="158"/>
						<line hits="1" number="159"/>
						<line hits="1" number="160"/>
						<line branch="true" condition-coverage="100% (2/2)" hits="1" number="162"/>
						<line hits="1" number="163"/>
						<line hits="1" number="164"/>
						<line hits="1" number="171"/>
						<line branch="true" condition-coverage="100% (2/2)" hits="1" number="172"/>
						<line hits="1" number="173"/>
						<line hits="1" number="174"/>
						<line branch="true" condition-coverage="100% (2/2)" hits="1" number="175"/>
						<line hits="1" number="176"/>
						<line hits="1" number="177"/>
						<line hits="1" number="179"/>
						<line branch="true" condition-coverage="100% (2/2)" hits="1" number="180"/>
						<line hits="1" number="181"/>
						<line hits="1" number="182"/>
						<line branch="true" condition-coverage="100% (2/2)" hits="1" number="183"/>
						<line hits="1" number="184"/>
						<line hits="1" number="185"/>
						<line branch="true" condition-coverage="100% (2/2)" hits="1" number="187"/>
						<line hits="1" number="188"/>
						<line hits="1" number="190"/>
						<line hits="1" number="192"/>
						<line hits="1" number="193"/>
						<line hits="1" number="206"/>
						<line hits="1" number="207"/>
						<line hits="1" number="209"/>
						<line hits="1" number="226"/>
						<line hits="1" number="232"/>
						<line hits="1" number="234"/>
						<line hits="1" number="255"/>
						<line hits="1" number="256"/>
						<line hits="1" number="258"/>
						<line hits="1" number="272"/>
						<line hits="1" number="273"/>
						<line hits="1" number="274"/>
						<line branch="true" condition-coverage="100% (2/2)" hits="1" number="276"/>
						<line hits="1" number="277"/>
						<line hits="1" number="279"/>
						<line hits="1" number="280"/>
						<line hits="1" number="286"/>
						<line hits="1" number="290"/>
						<line hits="1" number="303"/>
						<line hits="1" number="305"/>
						<line hits="1" number="306"/>
						<line branch="true" condition-coverage="50% (1/2)" hits="1" number="307"/>
						<line hits="1" number="308"/>
						<line branch="true" condition-coverage="0% (0/2)" hits="0" number="309"/>
						<line hits="0" number="310"/>
						<line branch="true" condition-coverage="0% (0/2)" hits="0" number="311"/>
						<line hits="0" number="312"/>
						<line hits="0" number="313"/>
						<line branch="true" condition-coverage="0% (0/2)" hits="0" number="314"/>
						<line hits="0" number="315"/>
						<line hits="0" number="316"/>
						<line hits="0" number="318"/>
						<line hits="1" number="321"/>
						<line hits="1" number="336"/>
						<line hits="1" number="338"/>
						<line branch="true" condition-coverage="100% (2/2)" hits="1" number="339"/>
						<line hits="1" number="340"/>
						<line hits="1" number="341"/>
						<line hits="1" number="343"/>
						<line branch="true" condition-coverage="100% (2/2)" hits="1" number="344"/>
						<line hits="1" number="345"/>
						<line branch="true" condition-coverage="100% (2/2)" hits="1" number="346"/>
						<line hits="1" number="347"/>
						<line hits="1" number="348"/>
						<line hits="1" number="350"/>
						<line hits="1" number="363"/>
						<line hits="1" number="365"/>
						<line branch="true" condition-coverage="100% (2/2)" hits="1" number="366"/>
						<line hits="1" number="367"/>
						<line hits="1" number="368"/>
						<line hits="1" number="370"/>
						<line branch="true" condition-coverage="100% (2/2)" hits="1" number="371"/>
						<line branch="true" condition-coverage="100% (2/2)" hits="1" number="372"/>
						<line hits="1" number="373"/>
						<line branch="true" condition-coverage="100% (2/2)" hits="1" number="375"/>
						<line hits="1" number="376"/>
						<line branch="true" condition-coverage="100% (2/2)" hits="1" number="378"/>
						<line hits="1" number="379"/>
						<line hits="1" number="382"/>
						<line hits="1" number="384"/>
						<line hits="1" number="399"/>
						<line hits="1" number="401"/>
						<line branch="true" condition-coverage="100% (2/2)" hits="1" number="402"/>
						<line hits="1" number="403"/>
						<line hits="1" number="404"/>
						<line hits="1" number="406"/>
						<line hits="1" number="407"/>
						<line branch="true" condition-coverage="100% (2/2)" hits="1" number="408"/>
						<line branch="true" condition-coverage="100% (2/2)" hits="1" number="409"/>
						<line hits="1" number="410"/>
						<line hits="1" number="411"/>
						<line hits="1" number="412"/>
						<line branch="true" condition-coverage="100% (2/2)" hits="1" number="413"/>
						<line branch="true" condition-coverage="50% (1/2)" hits="1" number="414"/>
						<line hits="1" number="415"/>
						<line branch="true" condition-coverage="100% (2/2)" hits="1" number="416"/>
						<line hits="1" number="417"/>
						<line branch="true" condition-coverage="50% (1/2)" hits="1" number="419"/>
						<line hits="0" number="420"/>
						<line hits="1" number="422"/>
						<line hits="1" number="424"/>
						<line hits="1" number="437"/>
						<line hits="1" number="439"/>
						<line branch="true" condition-coverage="100% (2/2)" hits="1" number="440"/>
						<line hits="1" number="441"/>
						<line hits="1" number="442"/>
						<line hits="1" number="444"/>
						<line hits="1" number="445"/>
						<line branch="true" condition-coverage="100% (2/2)" hits="1" number="446"/>
						<line branch="true" condition-coverage="100% (2/2)" hits="1" number="447"/>
						<line hits="1" number="448"/>
						<line hits="1" number="449"/>
						<line hits="1" number="450"/>
						<line branch="true" condition-coverage="100% (2/2)" hits="1" number="451"/>
						<line branch="true" condition-coverage="100% (2/2)" hits="1" number="452"/>
						<line hits="1" number="453"/>
						<line branch="true" condition-coverage="100% (2/2)" hits="1" number="455"/>
						<line hits="1" number="456"/>
						<line branch="true" condition-coverage="100% (2/2)" hits="1" number="458"/>
						<line hits="1" number="459"/>
						<line hits="1" number="461"/>
						<line hits="1" number="465"/>
						<line hits="1" number="480"/>
						<line hits="1" number="482"/>
						<line hits="1" number="483"/>
						<line hits="0" number="491"/>
						<line hits="1" number="493"/>
						<line hits="1" number="518"/>
						<line hits="1" number="521"/>
						<line branch="true" condition-coverage="0% (0/2)" hits="0" number="522"/>
						<line hits="0" number="523"/>
						<line hits="0" number="524"/>
						<line hits="0" number="525"/>
						<line branch="true" condition-coverage="0% (0/2)" hits="0" number="528"/>
						<line hits="0" number="529"/>
						<line hits="0" number="530"/>
						<line hits="0" number="533"/>
						<line hits="0" number="534"/>
						<line hits="0" number="535"/>
						<line branch="true" condition-coverage="0% (0/2)" hits="0" number="536"/>
						<line hits="0" number="538"/>
						<line branch="true" condition-coverage="0% (0/2)" hits="0" number="539"/>
						<line branch="true" condition-coverage="0% (0/2)" hits="0" number="540"/>
						<line branch="true" condition-coverage="0% (0/2)" hits="0" number="541"/>
						<line hits="0" number="542"/>
						<line hits="0" number="543"/>
						<line branch="true" condition-coverage="0% (0/2)" hits="0" number="544"/>
						<line hits="0" number="545"/>
						<line hits="0" number="546"/>
						<line hits="0" number="547"/>
						<line hits="0" number="551"/>
						<line hits="0" number="553"/>
						<line hits="0" number="554"/>
						<line hits="0" number="555"/>
						<line hits="0" number="557"/>
						<line hits="0" number="560"/>
						<line branch="true" condition-coverage="0% (0/2)" hits="0" number="563"/>
						<line branch="true" condition-coverage="0% (0/2)" hits="0" number="564"/>
						<line hits="0" number="565"/>
						<line hits="0" number="567"/>
						<line hits="0" number="568"/>
						<line hits="0" number="569"/>
						<line hits="0" number="570"/>
						<line hits="0" number="571"/>
						<line branch="true" condition-coverage="0% (0/2)" hits="0" number="574"/>
						<line branch="true" condition-coverage="0% (0/2)" hits="0" number="575"/>
						<line hits="0" number="576"/>
						<line branch="true" condition-coverage="0% (0/2)" hits="0" number="579"/>
						<line hits="0" number="580"/>
						<line hits="0" number="586"/>
						<line branch="true" condition-coverage="0% (0/2)" hits="0" number="590"/>
						<line hits="0" number="591"/>
						<line branch="true" condition-coverage="0% (0/2)" hits="0" number="592"/>
						<line hits="0" number="593"/>
						<line hits="0" number="594"/>
						<line hits="0" number="596"/>
						<line hits="0" number="597"/>
						<line hits="0" number="598"/>
						<line hits="1" number="600"/>
						<line hits="1" number="611"/>
						<line hits="1" number="614"/>
						<line branch="true" condition-coverage="0% (0/2)" hits="0" number="615"/>
						<line hits="0" number="616"/>
						<line hits="0" number="617"/>
						<line hits="0" number="618"/>
						<line hits="0" number="622"/>
						<line hits="0" number="623"/>
						<line branch="true" condition-coverage="0% (0/2)" hits="0" number="624"/>
						<line hits="0" number="625"/>
						<line hits="0" number="627"/>
						<line hits="0" number="628"/>
						<line branch="true" condition-coverage="0% (0/2)" hits="0" number="629"/>
						<line branch="true" condition-coverage="0% (0/2)" hits="0" number="632"/>
						<line hits="0" number="633"/>
						<line hits="0" number="634"/>
						<line branch="true" condition-coverage="0% (0/2)" hits="0" number="636"/>
						<line hits="0" number="637"/>
						<line hits="0" number="638"/>
						<line hits="0" number="639"/>
						<line branch="true" condition-coverage="0% (0/2)" hits="0" number="642"/>
						<line hits="0" number="643"/>
						<line hits="0" number="644"/>
						<line hits="0" number="648"/>
						<line branch="true" condition-coverage="0% (0/2)" hits="0" number="649"/>
						<line hits="0" number="650"/>
						<line hits="0" number="651"/>
						<line branch="true" condition-coverage="0% (0/2)" hits="0" number="652"/>
						<line hits="0" number="653"/>
						<line branch="true" condition-coverage="0% (0/2)" hits="0" number="654"/>
						<line hits="0" number="655"/>
						<line hits="0" number="656"/>
						<line hits="0" number="658"/>
						<line hits="0" number="659"/>
						<line hits="1" number="661"/>
						<line hits="1" number="672"/>
						<line hits="1" number="674"/>
						<line branch="true" condition-coverage="100% (2/2)" hits="1" number="679"/>
						<line hits="1" number="680"/>
						<line hits="1" number="683"/>
						<line hits="1" number="685"/>
						<line branch="true" condition-coverage="0% (0/2)" hits="0" number="686"/>
						<line hits="0" number="687"/>
						<line branch="true" condition-coverage="0% (0/2)" hits="0" number="688"/>
						<line hits="0" number="689"/>
						<line hits="0" number="691"/>
						<line hits="0" number="693"/>
						<line hits="0" number="694"/>
						<line hits="1" number="696"/>
						<line hits="1" number="705"/>
						<line hits="1" number="707"/>
						<line branch="true" condition-coverage="0% (0/2)" hits="0" number="708"/>
						<line hits="0" number="709"/>
						<line hits="0" number="710"/>
						<line hits="0" number="711"/>
						<line branch="true" condition-coverage="0% (0/2)" hits="0" number="713"/>
						<line hits="0" number="714"/>
						<line hits="0" number="716"/>
						<line hits="0" number="718"/>
						<line branch="true" condition-coverage="0% (0/2)" hits="0" number="725"/>
						<line hits="0" number="726"/>
						<line branch="true" condition-coverage="0% (0/2)" hits="0" number="727"/>
						<line hits="0" number="728"/>
						<line hits="0" number="729"/>
						<line hits="0" number="730"/>
						<line hits="0" number="732"/>
						<line hits="0" number="733"/>
						<line hits="1" number="735"/>
						<line hits="1" number="751"/>
						<line hits="1" number="753"/>
						<line branch="true" condition-coverage="0% (0/2)" hits="0" number="754"/>
						<line hits="0" number="755"/>
						<line hits="0" number="756"/>
						<line hits="0" number="757"/>
						<line hits="0" number="759"/>
						<line branch="true" condition-coverage="0% (0/2)" hits="0" number="760"/>
						<line branch="true" condition-coverage="0% (0/2)" hits="0" number="761"/>
						<line hits="0" number="762"/>
						<line branch="true" condition-coverage="0% (0/2)" hits="0" number="764"/>
						<line hits="0" number="765"/>
						<line branch="true" condition-coverage="0% (0/2)" hits="0" number="768"/>
						<line hits="0" number="769"/>
						<line hits="0" number="771"/>
						<line branch="true" condition-coverage="0% (0/2)" hits="0" number="774"/>
						<line hits="0" number="775"/>
						<line branch="true" condition-coverage="0% (0/2)" hits="0" number="776"/>
						<line hits="0" number="777"/>
						<line hits="0" number="778"/>
						<line hits="0" number="779"/>
						<line hits="0" number="781"/>
						<line hits="0" number="782"/>
						<line hits="1" number="784"/>
						<line hits="1" number="795"/>
						<line hits="1" number="797"/>
						<line branch="true" condition-coverage="0% (0/2)" hits="0" number="798"/>
						<line hits="0" number="799"/>
						<line hits="0" number="800"/>
						<line hits="0" number="801"/>
						<line branch="true" condition-coverage="0% (0/2)" hits="0" number="803"/>
						<line hits="0" number="804"/>
						<line hits="0" number="807"/>
						<line branch="true" condition-coverage="0% (0/2)" hits="0" number="814"/>
						<line hits="0" number="815"/>
						<line branch="true" condition-coverage="0% (0/2)" hits="0" number="816"/>
						<line hits="0" number="817"/>
						<line hits="0" number="818"/>
						<line hits="0" number="819"/>
						<line hits="0" number="821"/>
						<line hits="0" number="822"/>
						<line hits="1" number="824"/>
						<line hits="1" number="845"/>
						<line branch="true" condition-coverage="100% (2/2)" hits="1" number="848"/>
						<line hits="1" number="849"/>
						<line branch="true" condition-coverage="0% (0/2)" hits="0" number="850"/>
						<line hits="0" number="851"/>
						<line hits="0" number="852"/>
						<line hits="1" number="855"/>
						<line branch="true" condition-coverage="50% (1/2)" hits="1" number="856"/>
						<line hits="0" number="857"/>
						<line hits="0" number="858"/>
						<line hits="0" number="860"/>
						<line hits="1" number="861"/>
						<line hits="1" number="866"/>
						<line hits="1" number="869"/>
						<line hits="1" number="874"/>
						<line branch="true" condition-coverage="50% (1/2)" hits="1" number="875"/>
						<line hits="1" number="876"/>
						<line hits="1" number="881"/>
						<line branch="true" condition-coverage="50% (1/2)" hits="1" number="882"/>
						<line branch="true" condition-coverage="100% (2/2)" hits="1" number="883"/>
						<line hits="1" number="884"/>
						<line hits="1" number="889"/>
						<line branch="true" condition-coverage="100% (2/2)" hits="1" number="890"/>
						<line branch="true" condition-coverage="100% (2/2)" hits="1" number="891"/>
						<line hits="1" number="892"/>
						<line hits="1" number="895"/>
						<line branch="true" condition-coverage="0% (0/2)" hits="0" number="901"/>
						<line hits="0" number="902"/>
						<line hits="0" number="903"/>
						<line branch="true" condition-coverage="0% (0/2)" hits="0" number="905"/>
						<line hits="0" number="906"/>
						<line hits="0" number="907"/>
						<line hits="0" number="909"/>
						<line hits="0" number="910"/>
						<line hits="1" number="914"/>
						<line hits="1" number="945"/>
						<line branch="true" condition-coverage="100% (2/2)" hits="1" number="947"/>
						<line hits="1" number="948"/>
						<line hits="1" number="949"/>
						<line hits="1" number="951"/>
						<line hits="1" number="953"/>
						<line branch="true" condition-coverage="100% (2/2)" hits="1" number="954"/>
						<line hits="1" number="955"/>
						<line hits="1" number="957"/>
						<line branch="true" condition-coverage="100% (2/2)" hits="1" number="958"/>
						<line hits="1" number="959"/>
						<line hits="1" number="960"/>
						<line hits="1" number="962"/>
						<line hits="1" number="963"/>
						<line hits="1" number="964"/>
						<line branch="true" condition-coverage="50% (1/2)" hits="1" number="966"/>
						<line hits="0" number="967"/>
						<line hits="0" number="968"/>
						<line hits="1" number="970"/>
						<line hits="0" number="973"/>
						<line hits="0" number="974"/>
						<line branch="true" condition-coverage="0% (0/2)" hits="0" number="975"/>
						<line hits="0" number="976"/>
						<line hits="0" number="977"/>
						<line hits="0" number="978"/>
						<line branch="true" condition-coverage="0% (0/2)" hits="0" number="980"/>
						<line hits="0" number="981"/>
						<line hits="0" number="982"/>
						<line hits="0" number="983"/>
						<line hits="0" number="984"/>
						<line hits="0" number="985"/>
						<line branch="true" condition-coverage="0% (0/2)" hits="0" number="987"/>
						<line hits="0" number="988"/>
						<line branch="true" condition-coverage="0% (0/2)" hits="0" number="989"/>
						<line hits="0" number="990"/>
						<line hits="0" number="995"/>
						<line hits="0" number="996"/>
						<line branch="true" condition-coverage="0% (0/2)" hits="0" number="997"/>
						<line hits="0" number="998"/>
						<line hits="0" number="999"/>
						<line hits="0" number="1000"/>
						<line branch="true" condition-coverage="0% (0/2)" hits="0" number="1001"/>
						<line hits="0" number="1002"/>
						<line hits="0" number="1003"/>
						<line hits="0" number="1006"/>
						<line branch="true" condition-coverage="0% (0/2)" hits="0" number="1010"/>
						<line hits="0" number="1011"/>
						<line hits="0" number="1012"/>
						<line branch="true" condition-coverage="0% (0/2)" hits="0" number="1013"/>
						<line branch="true" condition-coverage="0% (0/2)" hits="0" number="1014"/>
						<line hits="0" number="1015"/>
						<line hits="0" number="1016"/>
						<line hits="0" number="1018"/>
						<line hits="1" number="1020"/>
						<line hits="1" number="1032"/>
						<line hits="1" number="1034"/>
						<line branch="true" condition-coverage="100% (2/2)" hits="1" number="1035"/>
						<line hits="1" number="1036"/>
						<line hits="1" number="1038"/>
						<line hits="1" number="1042"/>
						<line hits="1" number="1061"/>
						<line branch="true" condition-coverage="100% (2/2)" hits="1" number="1063"/>
						<line hits="1" number="1064"/>
						<line hits="1" number="1066"/>
						<line hits="1" number="1068"/>
						<line branch="true" condition-coverage="100% (2/2)" hits="1" number="1070"/>
						<line hits="1" number="1071"/>
						<line branch="true" condition-coverage="100% (2/2)" hits="1" number="1072"/>
						<line hits="1" number="1073"/>
						<line branch="true" condition-coverage="100% (2/2)" hits="1" number="1074"/>
						<line hits="1" number="1075"/>
						<line branch="true" condition-coverage="100% (2/2)" hits="1" number="1077"/>
						<line branch="true" condition-coverage="100% (2/2)" hits="1" number="1078"/>
						<line hits="1" number="1079"/>
						<line hits="1" number="1081"/>
						<line hits="1" number="1083"/>
						<line hits="1" number="1084"/>
						<line hits="1" number="1086"/>
						<line hits="1" number="1098"/>
						<line hits="1" number="1100"/>
						<line hits="1" number="1102"/>
						<line hits="1" number="1103"/>
						<line hits="1" number="1104"/>
						<line hits="1" number="1105"/>
						<line branch="true" condition-coverage="100% (2/2)" hits="1" number="1107"/>
						<line hits="1" number="1108"/>
						<line hits="1" number="1109"/>
						<line branch="true" condition-coverage="100% (2/2)" hits="1" number="1110"/>
						<line hits="1" number="1111"/>
						<line hits="1" number="1112"/>
						<line branch="true" condition-coverage="100% (2/2)" hits="1" number="1114"/>
						<line hits="1" number="1115"/>
						<line hits="1" number="1116"/>
						<line branch="true" condition-coverage="100% (2/2)" hits="1" number="1118"/>
						<line hits="1" number="1119"/>
						<line hits="1" number="1120"/>
						<line branch="true" condition-coverage="100% (2/2)" hits="1" number="1122"/>
						<line hits="1" number="1123"/>
						<line hits="1" number="1125"/>
						<line hits="1" number="1127"/>
						<line hits="1" number="1128"/>
						<line hits="1" number="1138"/>
						<line hits="1" number="1140"/>
						<line hits="1" number="1141"/>
						<line hits="1" number="1142"/>
						<line hits="0" number="1143"/>
						<line hits="0" number="1144"/>
						<line branch="true" condition-coverage="100% (2/2)" hits="1" number="1146"/>
						<line hits="1" number="1147"/>
						<line hits="1" number="1148"/>
						<line branch="true" condition-coverage="100% (2/2)" hits="1" number="1149"/>
						<line hits="1" number="1150"/>
						<line hits="1" number="1151"/>
						<line hits="1" number="1152"/>
						<line hits="1" number="1153"/>
						<line hits="1" number="1154"/>
						<line hits="1" number="1155"/>
						<line hits="1" number="1156"/>
						<line branch="true" condition-coverage="100% (2/2)" hits="1" number="1158"/>
						<line hits="1" number="1159"/>
						<line hits="1" number="1160"/>
						<line hits="1" number="1162"/>
						<line hits="1" number="1172"/>
						<line hits="1" number="1174"/>
						<line branch="true" condition-coverage="100% (2/2)" hits="1" number="1175"/>
						<line hits="1" number="1176"/>
						<line branch="true" condition-coverage="100% (2/2)" hits="1" number="1177"/>
						<line hits="1" number="1178"/>
						<line branch="true" condition-coverage="50% (1/2)" hits="1" number="1179"/>
						<line hits="1" number="1180"/>
						<line hits="1" number="1185"/>
						<line hits="1" number="1201"/>
						<line hits="1" number="1203"/>
						<line branch="true" condition-coverage="100% (2/2)" hits="1" number="1204"/>
						<line branch="true" condition-coverage="100% (2/2)" hits="1" number="1205"/>
						<line hits="1" number="1206"/>
						<line hits="1" number="1207"/>
						<line hits="1" number="1209"/>
						<line hits="1" number="1219"/>
						<line hits="1" number="1221"/>
						<line hits="1" number="1222"/>
						<line hits="1" number="1223"/>
						<line hits="1" number="1224"/>
						<line hits="1" number="1226"/>
						<line hits="1" number="1227"/>
						<line hits="1" number="1228"/>
						<line hits="1" number="1230"/>
						<line hits="1" number="1243"/>
						<line hits="1" number="1245"/>
						<line hits="1" number="1247"/>
						<line branch="true" condition-coverage="50% (1/2)" hits="1" number="1248"/>
						<line hits="0" number="1249"/>
						<line branch="true" condition-coverage="0% (0/2)" hits="0" number="1250"/>
						<line hits="0" number="1251"/>
						<line hits="0" number="1252"/>
						<line branch="true" condition-coverage="50% (1/2)" hits="1" number="1253"/>
						<line hits="1" number="1254"/>
						<line hits="1" number="1255"/>
						<line hits="0" number="1257"/>
						<line hits="0" number="1258"/>
						<line hits="0" number="1259"/>
						<line hits="1" number="1261"/>
						<line hits="1" number="1278"/>
						<line hits="1" number="1280"/>
						<line hits="1" number="1281"/>
						<line branch="true" condition-coverage="100% (2/2)" hits="1" number="1282"/>
						<line hits="1" number="1283"/>
						<line hits="1" number="1285"/>
						<line branch="true" condition-coverage="100% (2/2)" hits="1" number="1286"/>
						<line hits="1" number="1287"/>
						<line branch="true" condition-coverage="50% (1/2)" hits="1" number="1288"/>
						<line hits="0" number="1289"/>
						<line branch="true" condition-coverage="100% (2/2)" hits="1" number="1290"/>
						<line hits="1" number="1291"/>
						<line hits="1" number="1294"/>
						<line hits="1" number="1296"/>
						<line branch="true" condition-coverage="100% (2/2)" hits="1" number="1297"/>
						<line hits="1" number="1298"/>
						<line branch="true" condition-coverage="66% (2/3)" hits="1" number="1299"/>
						<line hits="0" number="1301"/>
						<line branch="true" condition-coverage="100% (2/2)" hits="1" number="1303"/>
						<line hits="1" number="1304"/>
						<line hits="1" number="1306"/>
						<line hits="1" number="1308"/>
						<line hits="1" number="1309"/>
						<line branch="true" condition-coverage="100% (2/2)" hits="1" number="1310"/>
						<line branch="true" condition-coverage="100% (2/2)" hits="1" number="1312"/>
						<line hits="1" number="1313"/>
						<line hits="1" number="1315"/>
						<line hits="1" number="1317"/>
						<line hits="1" number="1318"/>
						<line hits="1" number="1320"/>
						<line hits="1" number="1321"/>
						<line branch="true" condition-coverage="50% (1/2)" hits="1" number="1322"/>
						<line hits="0" number="1323"/>
						<line hits="0" number="1324"/>
						<line hits="1" number="1325"/>
						<line hits="1" number="1329"/>
						<line branch="true" condition-coverage="50% (1/2)" hits="1" number="1330"/>
						<line hits="0" number="1331"/>
						<line hits="1" number="1332"/>
						<line hits="1" number="1334"/>
						<line branch="true" condition-coverage="50% (1/2)" hits="1" number="1335"/>
						<line hits="0" number="1336"/>
						<line hits="1" number="1337"/>
						<line hits="1" number="1339"/>
						<line branch="true" condition-coverage="0% (0/2)" hits="0" number="1340"/>
						<line hits="0" number="1341"/>
						<line hits="0" number="1342"/>
						<line hits="1" number="1344"/>
						<line branch="true" condition-coverage="0% (0/2)" hits="0" number="1345"/>
						<line hits="0" number="1346"/>
						<line hits="0" number="1347"/>
						<line hits="1" number="1349"/>
						<line branch="true" condition-coverage="50% (1/2)" hits="1" number="1350"/>
						<line hits="1" number="1351"/>
						<line hits="0" number="1352"/>
						<line hits="1" number="1354"/>
						<line branch="true" condition-coverage="0% (0/2)" hits="0" number="1355"/>
						<line hits="0" number="1357"/>
						<line hits="0" number="1358"/>
						<line hits="1" number="1360"/>
						<line branch="true" condition-coverage="0% (0/2)" hits="0" number="1361"/>
						<line hits="0" number="1362"/>
						<line hits="0" number="1363"/>
						<line hits="1" number="1365"/>
						<line branch="true" condition-coverage="0% (0/2)" hits="0" number="1366"/>
						<line hits="0" number="1367"/>
						<line hits="0" number="1368"/>
						<line hits="1" number="1372"/>
						<line hits="1" number="1383"/>
						<line hits="1" number="1384"/>
						<line hits="1" number="1385"/>
						<line branch="true" condition-coverage="100% (2/2)" hits="1" number="1387"/>
						<line hits="1" number="1388"/>
						<line branch="true" condition-coverage="100% (2/2)" hits="1" number="1389"/>
						<line branch="true" condition-coverage="50% (1/2)" hits="1" number="1390"/>
						<line hits="0" number="1391"/>
						<line hits="1" number="1394"/>
						<line branch="true" condition-coverage="100% (2/2)" hits="1" number="1396"/>
						<line branch="true" condition-coverage="50% (1/2)" hits="1" number="1397"/>
						<line hits="0" number="1398"/>
						<line hits="1" number="1401"/>
						<line branch="true" condition-coverage="50% (1/2)" hits="1" number="1402"/>
						<line hits="1" number="1403"/>
						<line hits="0" number="1405"/>
						<line hits="1" number="1406"/>
						<line hits="1" number="1408"/>
						<line hits="1" number="1421"/>
						<line branch="true" condition-coverage="50% (1/2)" hits="1" number="1422"/>
						<line hits="0" number="1423"/>
						<line hits="1" number="1425"/>
						<line hits="1" number="1426"/>
						<line hits="1" number="1427"/>
						<line hits="1" number="1429"/>
						<line hits="1" number="1430"/>
						<line hits="0" number="1431"/>
						<line hits="0" number="1432"/>
						<line hits="1" number="1434"/>
						<line hits="1" number="1450"/>
						<line branch="true" condition-coverage="50% (1/2)" hits="1" number="1452"/>
						<line hits="0" number="1453"/>
						<line hits="0" number="1457"/>
						<line hits="1" number="1465"/>
						<line hits="1" number="1466"/>
						<line hits="1" number="1467"/>
						<line hits="1" number="1468"/>
						<line hits="1" number="1469"/>
						<line hits="1" number="1470"/>
						<line hits="0" number="1471"/>
						<line hits="0" number="1472"/>
						<line hits="1" number="1474"/>
						<line hits="1" number="1487"/>
						<line hits="1" number="1488"/>
						<line hits="1" number="1489"/>
						<line hits="1" number="1490"/>
						<line hits="1" number="1491"/>
						<line hits="1" number="1492"/>
						<line hits="1" number="1493"/>
						<line hits="1" number="1495"/>
						<line hits="1" number="1497"/>
						<line hits="1" number="1498"/>
						<line hits="1" number="1500"/>
						<line hits="1" number="1501"/>
						<line hits="1" number="1502"/>
						<line hits="0" number="1503"/>
						<line hits="0" number="1504"/>
						<line hits="1" number="1506"/>
						<line hits="1" number="1516"/>
						<line hits="1" number="1517"/>
						<line hits="1" number="1519"/>
						<line hits="1" number="1528"/>
						<line hits="1" number="1529"/>
						<line hits="1" number="1531"/>
						<line branch="true" condition-coverage="100% (2/2)" hits="1" number="1537"/>
						<line hits="1" number="1538"/>
						<line branch="true" condition-coverage="50% (1/2)" hits="1" number="1540"/>
						<line hits="0" number="1541"/>
						<line hits="1" number="1542"/>
						<line hits="1" number="1544"/>
						<line hits="1" number="1558"/>
						<line hits="1" number="1561"/>
						<line hits="1" number="1562"/>
						<line hits="1" number="1563"/>
						<line branch="true" condition-coverage="100% (2/2)" hits="1" number="1565"/>
						<line hits="1" number="1566"/>
						<line hits="1" number="1567"/>
						<line branch="true" condition-coverage="100% (2/2)" hits="1" number="1568"/>
						<line hits="1" number="1569"/>
						<line hits="1" number="1570"/>
						<line hits="1" number="1573"/>
						<line branch="true" condition-coverage="50% (1/2)" hits="1" number="1574"/>
						<line branch="true" condition-coverage="100% (2/2)" hits="1" number="1575"/>
						<line hits="1" number="1576"/>
						<line hits="1" number="1579"/>
						<line hits="1" number="1580"/>
						<line branch="true" condition-coverage="50% (1/2)" hits="1" number="1581"/>
						<line branch="true" condition-coverage="100% (2/2)" hits="1" number="1582"/>
						<line hits="1" number="1583"/>
						<line hits="1" number="1585"/>
						<line branch="true" condition-coverage="50% (1/2)" hits="1" number="1602"/>
						<line hits="0" number="1603"/>
						<line hits="0" number="1604"/>
						<line hits="0" number="1605"/>
						<line hits="1" number="1607"/>
						<line branch="true" condition-coverage="50% (1/2)" hits="1" number="1609"/>
						<line hits="0" number="1610"/>
						<line hits="1" number="1612"/>
						<line hits="1" number="1614"/>
						<line hits="1" number="1631"/>
						<line hits="1" number="1632"/>
						<line hits="1" number="1641"/>
						<line branch="true" condition-coverage="50% (1/2)" hits="1" number="1642"/>
						<line hits="0" number="1643"/>
						<line hits="1" number="1645"/>
						<line hits="1" number="1647"/>
						<line hits="1" number="1659"/>
						<line branch="true" condition-coverage="100% (2/2)" hits="1" number="1660"/>
						<line branch="true" condition-coverage="100% (2/2)" hits="1" number="1661"/>
						<line hits="1" number="1662"/>
						<line hits="1" number="1663"/>
						<line hits="1" number="1665"/>
						<line hits="0" number="1680"/>
						<line hits="0" number="1685"/>
						<line branch="true" condition-coverage="0% (0/2)" hits="0" number="1686"/>
						<line branch="true" condition-coverage="0% (0/2)" hits="0" number="1688"/>
						<line hits="0" number="1689"/>
						<line hits="0" number="1690"/>
						<line branch="true" condition-coverage="0% (0/2)" hits="0" number="1692"/>
						<line hits="0" number="1693"/>
						<line hits="0" number="1694"/>
						<line hits="0" number="1695"/>
						<line branch="true" condition-coverage="0% (0/2)" hits="0" number="1696"/>
						<line branch="true" condition-coverage="0% (0/2)" hits="0" number="1697"/>
						<line hits="0" number="1698"/>
						<line hits="0" number="1699"/>
						<line hits="0" number="1700"/>
						<line hits="0" number="1701"/>
						<line hits="0" number="1702"/>
						<line branch="true" condition-coverage="0% (0/2)" hits="0" number="1704"/>
						<line hits="0" number="1705"/>
						<line hits="0" number="1707"/>
						<line hits="0" number="1709"/>
						<line hits="0" number="1710"/>
						<line hits="1" number="1713"/>
						<line hits="0" number="1729"/>
						<line hits="0" number="1734"/>
						<line branch="true" condition-coverage="0% (0/2)" hits="0" number="1735"/>
						<line branch="true" condition-coverage="0% (0/2)" hits="0" number="1737"/>
						<line hits="0" number="1738"/>
						<line hits="0" number="1739"/>
						<line branch="true" condition-coverage="0% (0/2)" hits="0" number="1741"/>
						<line hits="0" number="1742"/>
						<line hits="0" number="1743"/>
						<line hits="0" number="1744"/>
						<line branch="true" condition-coverage="0% (0/2)" hits="0" number="1745"/>
						<line branch="true" condition-coverage="0% (0/2)" hits="0" number="1746"/>
						<line hits="0" number="1747"/>
						<line hits="0" number="1748"/>
						<line hits="0" number="1749"/>
						<line hits="0" number="1750"/>
						<line branch="true" condition-coverage="0% (0/2)" hits="0" number="1751"/>
						<line hits="0" number="1752"/>
						<line hits="0" number="1757"/>
						<line hits="0" number="1758"/>
						<line hits="0" number="1760"/>
						<line branch="true" condition-coverage="0% (0/2)" hits="0" number="1761"/>
						<line hits="0" number="1762"/>
						<line hits="0" number="1764"/>
						<line hits="0" number="1766"/>
						<line hits="0" number="1767"/>
						<line hits="1" number="1769"/>
						<line hits="1" number="1798"/>
						<line hits="1" number="1799"/>
						<line hits="1" number="1800"/>
						<line branch="true" condition-coverage="100% (2/2)" hits="1" number="1801"/>
						<line hits="1" number="1802"/>
						<line hits="1" number="1803"/>
						<line hits="1" number="1804"/>
						<line branch="true" condition-coverage="50% (1/2)" hits="1" number="1806"/>
						<line hits="0" number="1807"/>
						<line hits="0" number="1808"/>
						<line hits="1" number="1809"/>
						<line hits="1" number="1810"/>
						<line hits="1" number="1813"/>
						<line branch="true" condition-coverage="100% (2/2)" hits="1" number="1814"/>
						<line hits="1" number="1815"/>
						<line branch="true" condition-coverage="50% (1/2)" hits="1" number="1816"/>
						<line hits="0" number="1817"/>
						<line hits="1" number="1819"/>
						<line hits="1" number="1820"/>
						<line hits="1" number="1821"/>
						<line hits="1" number="1822"/>
						<line hits="1" number="1823"/>
						<line hits="1" number="1826"/>
						<line hits="1" number="1827"/>
						<line branch="true" condition-coverage="100% (2/2)" hits="1" number="1828"/>
						<line hits="1" number="1829"/>
						<line branch="true" condition-coverage="100% (2/2)" hits="1" number="1830"/>
						<line hits="1" number="1831"/>
						<line hits="1" number="1832"/>
						<line hits="0" number="1833"/>
						<line hits="0" number="1834"/>
						<line branch="true" condition-coverage="50% (1/2)" hits="1" number="1835"/>
						<line hits="0" number="1836"/>
						<line hits="1" number="1837"/>
						<line branch="true" condition-coverage="50% (1/2)" hits="1" number="1839"/>
						<line hits="1" number="1840"/>
						<line branch="true" condition-coverage="100% (2/2)" hits="1" number="1841"/>
						<line branch="true" condition-coverage="50% (1/2)" hits="1" number="1842"/>
						<line hits="1" number="1843"/>
						<line hits="1" number="1844"/>
						<line hits="1" number="1845"/>
						<line hits="1" number="1846"/>
						<line hits="1" number="1847"/>
						<line hits="1" number="1848"/>
						<line hits="1" number="1849"/>
						<line hits="1" number="1850"/>
						<line hits="1" number="1855"/>
						<line hits="1" number="1856"/>
						<line hits="1" number="1857"/>
						<line hits="1" number="1859"/>
						<line branch="true" condition-coverage="50% (1/2)" hits="1" number="1876"/>
						<line hits="0" number="1877"/>
						<line hits="0" number="1878"/>
						<line branch="true" condition-coverage="0% (0/2)" hits="0" number="1879"/>
						<line hits="0" number="1880"/>
						<line hits="0" number="1881"/>
						<line hits="0" number="1883"/>
						<line hits="0" number="1884"/>
						<line hits="0" number="1885"/>
						<line branch="true" condition-coverage="50% (1/2)" hits="1" number="1887"/>
						<line hits="0" number="1888"/>
						<line branch="true" condition-coverage="50% (1/2)" hits="1" number="1890"/>
						<line hits="0" number="1891"/>
						<line hits="1" number="1893"/>
						<line hits="1" number="1895"/>
						<line hits="1" number="1896"/>
						<line hits="1" number="1897"/>
						<line hits="1" number="1898"/>
						<line hits="1" number="1899"/>
						<line hits="1" number="1900"/>
						<line branch="true" condition-coverage="50% (1/2)" hits="1" number="1901"/>
						<line hits="0" number="1902"/>
						<line hits="1" number="1903"/>
						<line hits="1" number="1904"/>
						<line hits="1" number="1905"/>
						<line hits="1" number="1908"/>
						<line hits="0" number="1909"/>
						<line branch="true" condition-coverage="0% (0/2)" hits="0" number="1910"/>
						<line hits="0" number="1911"/>
						<line hits="0" number="1913"/>
					</lines>
				</class>
				<class branch-rate="0.26" complexity="0" filename="/var/lib/jenkins/jobs/B2HANDLE_devel/workspace/b2handle/handleexceptions.py" line-rate="0.4729" name="/var/lib/jenkins/jobs/B2HANDLE_devel/workspace/b2handle/handleexceptions">
					<methods/>
					<lines>
						<line hits="1" number="5"/>
						<line hits="1" number="7"/>
						<line hits="1" number="9"/>
						<line hits="0" number="10"/>
						<line hits="0" number="11"/>
						<line hits="0" number="12"/>
						<line branch="true" condition-coverage="0% (0/2)" hits="0" number="14"/>
						<line hits="0" number="15"/>
						<line hits="0" number="16"/>
						<line branch="true" condition-coverage="0% (0/2)" hits="0" number="18"/>
						<line hits="0" number="19"/>
						<line hits="0" number="21"/>
						<line hits="1" number="24"/>
						<line hits="1" number="30"/>
						<line hits="0" number="31"/>
						<line hits="0" number="32"/>
						<line hits="0" number="33"/>
						<line hits="0" number="34"/>
						<line branch="true" condition-coverage="0% (0/2)" hits="0" number="36"/>
						<line hits="0" number="37"/>
						<line branch="true" condition-coverage="0% (0/2)" hits="0" number="38"/>
						<line hits="0" number="39"/>
						<line branch="true" condition-coverage="0% (0/2)" hits="0" number="40"/>
						<line hits="0" number="41"/>
						<line hits="0" number="42"/>
						<line hits="0" number="44"/>
						<line hits="1" number="47"/>
						<line hits="1" number="52"/>
						<line hits="0" number="53"/>
						<line hits="0" number="54"/>
						<line hits="0" number="55"/>
						<line hits="0" number="56"/>
						<line hits="0" number="57"/>
						<line branch="true" condition-coverage="0% (0/2)" hits="0" number="59"/>
						<line hits="0" number="60"/>
						<line branch="true" condition-coverage="0% (0/2)" hits="0" number="62"/>
						<line hits="0" number="63"/>
						<line hits="0" number="64"/>
						<line branch="true" condition-coverage="0% (0/2)" hits="0" number="66"/>
						<line hits="0" number="67"/>
						<line branch="true" condition-coverage="0% (0/2)" hits="0" number="69"/>
						<line hits="0" number="70"/>
						<line hits="0" number="71"/>
						<line hits="0" number="72"/>
						<line hits="0" number="74"/>
						<line hits="1" number="76"/>
						<line hits="1" number="80"/>
						<line hits="1" number="81"/>
						<line hits="1" number="82"/>
						<line hits="1" number="83"/>
						<line hits="1" number="84"/>
						<line branch="true" condition-coverage="50% (1/2)" hits="1" number="86"/>
						<line hits="1" number="87"/>
						<line hits="1" number="88"/>
						<line branch="true" condition-coverage="50% (1/2)" hits="1" number="90"/>
						<line hits="0" number="91"/>
						<line branch="true" condition-coverage="50% (1/2)" hits="1" number="93"/>
						<line hits="0" number="94"/>
						<line hits="0" number="95"/>
						<line hits="0" number="96"/>
						<line hits="1" number="98"/>
						<line hits="1" number="101"/>
						<line hits="1" number="105"/>
						<line hits="1" number="106"/>
						<line hits="1" number="107"/>
						<line hits="1" number="108"/>
						<line hits="1" number="109"/>
						<line branch="true" condition-coverage="50% (1/2)" hits="1" number="111"/>
						<line hits="1" number="112"/>
						<line branch="true" condition-coverage="100% (2/2)" hits="1" number="114"/>
						<line hits="1" number="115"/>
						<line hits="1" number="116"/>
						<line branch="true" condition-coverage="100% (2/2)" hits="1" number="118"/>
						<line hits="1" number="119"/>
						<line hits="1" number="120"/>
						<line hits="1" number="121"/>
						<line hits="1" number="123"/>
						<line hits="1" number="125"/>
						<line hits="1" number="129"/>
						<line hits="1" number="130"/>
						<line hits="1" number="131"/>
						<line hits="1" number="132"/>
						<line hits="1" number="133"/>
						<line branch="true" condition-coverage="100% (2/2)" hits="1" number="135"/>
						<line hits="1" number="136"/>
						<line branch="true" condition-coverage="50% (1/2)" hits="1" number="138"/>
						<line hits="1" number="139"/>
						<line hits="1" number="140"/>
						<line branch="true" condition-coverage="50% (1/2)" hits="1" number="142"/>
						<line hits="1" number="143"/>
						<line hits="1" number="145"/>
						<line hits="1" number="147"/>
						<line hits="1" number="151"/>
						<line hits="0" number="152"/>
						<line hits="0" number="153"/>
						<line hits="0" number="154"/>
						<line branch="true" condition-coverage="0% (0/2)" hits="0" number="156"/>
						<line hits="0" number="157"/>
						<line branch="true" condition-coverage="0% (0/2)" hits="0" number="159"/>
						<line hits="0" number="160"/>
						<line hits="0" number="161"/>
						<line hits="0" number="163"/>
						<line hits="1" number="165"/>
						<line hits="1" number="171"/>
						<line hits="0" number="172"/>
						<line hits="0" number="173"/>
						<line hits="0" number="174"/>
						<line hits="0" number="175"/>
						<line hits="0" number="176"/>
						<line branch="true" condition-coverage="0% (0/2)" hits="0" number="178"/>
						<line hits="0" number="179"/>
						<line branch="true" condition-coverage="0% (0/2)" hits="0" number="181"/>
						<line hits="0" number="182"/>
						<line hits="0" number="183"/>
						<line branch="true" condition-coverage="0% (0/2)" hits="0" number="185"/>
						<line hits="0" number="186"/>
						<line branch="true" condition-coverage="0% (0/2)" hits="0" number="188"/>
						<line hits="0" number="189"/>
						<line hits="0" number="190"/>
						<line hits="0" number="191"/>
						<line hits="0" number="193"/>
						<line hits="1" number="195"/>
						<line hits="1" number="198"/>
						<line hits="1" number="199"/>
						<line hits="1" number="200"/>
						<line branch="true" condition-coverage="50% (1/2)" hits="1" number="202"/>
						<line hits="1" number="203"/>
						<line hits="1" number="204"/>
						<line hits="1" number="206"/>
					</lines>
				</class>
			</classes>
		</package>
	</packages>
</coverage>
