<?xml version="1.0" encoding="UTF-8"?><testsuite name="b2handle" tests="132" errors="0" failures="0" skip="0"><testcase classname="main_test_script.EUDATHandleClientNoaccessTestCase" name="test_check_handle_syntax_no_prefix" time="0.001"></testcase><testcase classname="main_test_script.EUDATHandleClientNoaccessTestCase" name="test_check_handle_syntax_no_slashes" time="0.000"></testcase><testcase classname="main_test_script.EUDATHandleClientNoaccessTestCase" name="test_check_handle_syntax_no_suffix" time="0.001"></testcase><testcase classname="main_test_script.EUDATHandleClientNoaccessTestCase" name="test_check_handle_syntax_none" time="0.000"></testcase><testcase classname="main_test_script.EUDATHandleClientNoaccessTestCase" name="test_check_handle_syntax_normal" time="0.001"></testcase><testcase classname="main_test_script.EUDATHandleClientNoaccessTestCase" name="test_check_handle_syntax_two_slashes" time="0.000"></testcase><testcase classname="main_test_script.EUDATHandleClientNoaccessTestCase" name="test_check_handle_syntax_with_index" time="0.001"></testcase><testcase classname="main_test_script.EUDATHandleClientNoaccessTestCase" name="test_check_handle_syntax_with_index_nan" time="0.000"></testcase><testcase classname="main_test_script.EUDATHandleClientNoaccessTestCase" name="test_check_handle_syntax_with_index_noindex" time="0.001"></testcase><testcase classname="main_test_script.EUDATHandleClientNoaccessTestCase" name="test_check_handle_syntax_with_index_onlyindex" time="0.000"></testcase><testcase classname="main_test_script.EUDATHandleClientNoaccessTestCase" name="test_check_handle_syntax_with_index_twocolons" time="0.000"></testcase><testcase classname="main_test_script.EUDATHandleClientNoaccessTestCase" name="test_constructor_no_args" time="0.001"></testcase><testcase classname="main_test_script.EUDATHandleClientNoaccessTestCase" name="test_constructor_with_url" time="0.001"></testcase><testcase classname="main_test_script.EUDATHandleClientNoaccessTestCase" name="test_create_authentication_string" time="0.001"></testcase><testcase classname="main_test_script.EUDATHandleClientNoaccessTestCase" name="test_generate_PID_name_with_prefix" time="0.001"></testcase><testcase classname="main_test_script.EUDATHandleClientNoaccessTestCase" name="test_generate_PID_name_without_prefix" time="0.001"></testcase><testcase classname="main_test_script.EUDATHandleClientNoaccessTestCase" name="test_instantiate_for_read_access" time="0.001"></testcase><testcase classname="main_test_script.EUDATHandleClientNoaccessTestCase" name="test_instantiate_for_read_an_search" time="0.001"></testcase><testcase classname="main_test_script.EUDATHandleClientNoaccessTestCase" name="test_instantiate_with_username_and_password_noindex" time="0.001"></testcase><testcase classname="main_test_script.EUDATHandleClientNoaccessTestCase" name="test_make_handle_url" time="0.000"></testcase><testcase classname="main_test_script.EUDATHandleClientNoaccessTestCase" name="test_make_handle_url_otherurl" time="0.000"></testcase><testcase classname="main_test_script.EUDATHandleClientNoaccessTestCase" name="test_make_handle_url_overwrite_false" time="0.000"></testcase><testcase classname="main_test_script.EUDATHandleClientNoaccessTestCase" name="test_make_handle_url_overwrite_true" time="0.001"></testcase><testcase classname="main_test_script.EUDATHandleClientNoaccessTestCase" name="test_make_handle_url_with_indices" time="0.000"></testcase><testcase classname="main_test_script.EUDATHandleClientNoaccessTestCase" name="test_remove_index" time="0.001"></testcase><testcase classname="main_test_script.EUDATHandleClientNoaccessTestCase" name="test_remove_index_noindex" time="0.001"></testcase><testcase classname="main_test_script.EUDATHandleClientNoaccessTestCase" name="test_remove_index_toomany" time="0.001"></testcase><testcase classname="main_test_script.EUDATHandleClientNoaccessTestCase" name="test_retrieve_handle_record_json_handlesyntax_wrong" time="0.001"></testcase><testcase classname="main_test_script.EUDATHandleClientNoaccessTestCase" name="test_retrieve_handle_record_when_handle_is_None" time="0.001"></testcase><testcase classname="main_test_script.EUDATHandleClientReadaccessFaked10320LOCTestCase" name="test_is_10320LOC_empty_empty10320LOC" time="0.001"></testcase><testcase classname="main_test_script.EUDATHandleClientReadaccessFaked10320LOCTestCase" name="test_is_10320LOC_empty_no10320LOC" time="0.001"></testcase><testcase classname="main_test_script.EUDATHandleClientReadaccessFaked10320LOCTestCase" name="test_is_10320LOC_empty_notempty" time="0.003"></testcase><testcase classname="main_test_script.EUDATHandleClientReadaccessFaked10320LOCTestCase" name="test_is_URL_contained_in_10320LOC_false" time="0.001"></testcase><testcase classname="main_test_script.EUDATHandleClientReadaccessFaked10320LOCTestCase" name="test_is_URL_contained_in_10320LOC_true" time="0.001"></testcase><testcase classname="main_test_script.EUDATHandleClientReadaccessFaked10320LOCTestCase" name="test_is_URL_contained_in_empty_10320LOC" time="0.001"></testcase><testcase classname="main_test_script.EUDATHandleClientReadaccessFaked10320LOCTestCase" name="test_is_URL_contained_in_inexistent_10320LOC" time="0.001"></testcase><testcase classname="main_test_script.EUDATHandleClientReadaccessFakedTestCase" name="test_get_indices_for_key_duplicatekey" time="0.001"></testcase><testcase classname="main_test_script.EUDATHandleClientReadaccessFakedTestCase" name="test_get_indices_for_key_inexistentkey" time="0.001"></testcase><testcase classname="main_test_script.EUDATHandleClientReadaccessFakedTestCase" name="test_get_indices_for_key_normal" time="0.001"></testcase><testcase classname="main_test_script.EUDATHandleClientReadaccessFakedTestCase" name="test_get_value_from_handle_HS_ADMIN" time="0.001"></testcase><testcase classname="main_test_script.EUDATHandleClientReadaccessFakedTestCase" name="test_get_value_from_handle_duplicatekey" time="0.001"></testcase><testcase classname="main_test_script.EUDATHandleClientReadaccessFakedTestCase" name="test_get_value_from_handle_inexistentvalue" time="0.001"></testcase><testcase classname="main_test_script.EUDATHandleClientReadaccessFakedTestCase" name="test_get_value_from_handle_normal" time="0.001"></testcase><testcase classname="main_test_script.EUDATHandleClientReadaccessFakedTestCase" name="test_is_10320LOC_empty_empty10320LOC" time="0.001"></testcase><testcase classname="main_test_script.EUDATHandleClientReadaccessFakedTestCase" name="test_is_10320LOC_empty_no10320LOC" time="0.001"></testcase><testcase classname="main_test_script.EUDATHandleClientReadaccessFakedTestCase" name="test_is_10320LOC_empty_notempty" time="0.001"></testcase><testcase classname="main_test_script.EUDATHandleClientReadaccessFakedTestCase" name="test_is_URL_contained_in_10320LOC_false" time="0.001"></testcase><testcase classname="main_test_script.EUDATHandleClientReadaccessFakedTestCase" name="test_is_URL_contained_in_10320LOC_true" time="0.001"></testcase><testcase classname="main_test_script.EUDATHandleClientReadaccessFakedTestCase" name="test_is_URL_contained_in_empty_10320LOC" time="0.001"></testcase><testcase classname="main_test_script.EUDATHandleClientReadaccessFakedTestCase" name="test_is_URL_contained_in_inexistent_10320LOC" time="0.001"></testcase><testcase classname="main_test_script.EUDATHandleClientReadaccessFakedTestCase" name="test_retrieve_handle_record_normal" time="0.001"></testcase><testcase classname="main_test_script.EUDATHandleClientReadaccessPatchedTestCase" name="test_check_if_username_exists_inconsistent_info" time="0.002"></testcase><testcase classname="main_test_script.EUDATHandleClientReadaccessPatchedTestCase" name="test_check_if_username_exists_it_doesnot" time="0.001"></testcase><testcase classname="main_test_script.EUDATHandleClientReadaccessPatchedTestCase" name="test_check_if_username_exists_normal" time="0.001"></testcase><testcase classname="main_test_script.EUDATHandleClientReadaccessPatchedTestCase" name="test_get_value_from_handle_when_handle_inexistent" time="0.001"></testcase><testcase classname="main_test_script.EUDATHandleClientReadaccessPatchedTestCase" name="test_instantiate_with_credentials" time="0.002"></testcase><testcase classname="main_test_script.EUDATHandleClientReadaccessPatchedTestCase" name="test_instantiate_with_credentials_config" time="0.005"></testcase><testcase classname="main_test_script.EUDATHandleClientReadaccessPatchedTestCase" name="test_instantiate_with_credentials_config_override" time="0.004"></testcase><testcase classname="main_test_script.EUDATHandleClientReadaccessPatchedTestCase" name="test_instantiate_with_credentials_inexistentuser" time="0.002"></testcase><testcase classname="main_test_script.EUDATHandleClientReadaccessPatchedTestCase" name="test_instantiate_with_username_and_password_inexistentuser" time="0.002"></testcase><testcase classname="main_test_script.EUDATHandleClientReadaccessPatchedTestCase" name="test_instantiate_with_username_and_password_wrongpw" time="0.002"></testcase><testcase classname="main_test_script.EUDATHandleClientReadaccessPatchedTestCase" name="test_is_10320LOC_empty_handle_does_not_exist" time="0.001"></testcase><testcase classname="main_test_script.EUDATHandleClientReadaccessPatchedTestCase" name="test_is_url_contained_in_10320LOC_handle_does_not_exist" time="0.002"></testcase><testcase classname="main_test_script.EUDATHandleClientReadaccessPatchedTestCase" name="test_retrieve_handle_record_json_genericerror" time="0.001"></testcase><testcase classname="main_test_script.EUDATHandleClientReadaccessPatchedTestCase" name="test_retrieve_handle_record_json_handle_does_not_exist" time="0.001"></testcase><testcase classname="main_test_script.EUDATHandleClientReadaccessPatchedTestCase" name="test_retrieve_handle_record_json_handle_empty" time="0.001"></testcase><testcase classname="main_test_script.EUDATHandleClientReadaccessPatchedTestCase" name="test_retrieve_handle_record_json_normal" time="0.002"></testcase><testcase classname="main_test_script.EUDATHandleClientReadaccessPatchedTestCase" name="test_retrieve_handle_record_when_handle_is_None" time="0.001"></testcase><testcase classname="main_test_script.EUDATHandleClientReadaccessPatchedTestCase" name="test_retrieve_handle_record_when_handle_is_wrong" time="0.001"></testcase><testcase classname="main_test_script.EUDATHandleClientReadaccessPatchedTestCase" name="test_retrieve_handle_record_when_handlerecord_is_None" time="0.002"></testcase><testcase classname="main_test_script.EUDATHandleClientReadaccessPatchedTestCase" name="test_retrieve_handle_record_when_json_not_given" time="0.002"></testcase><testcase classname="main_test_script.EUDATHandleClientSearchNoAccessTestCase" name="test_create_revlookup_query_forbiddenkeys" time="0.001"></testcase><testcase classname="main_test_script.EUDATHandleClientSearchNoAccessTestCase" name="test_create_revlookup_query_fulltext" time="0.001"></testcase><testcase classname="main_test_script.EUDATHandleClientSearchNoAccessTestCase" name="test_create_revlookup_query_norestriction" time="0.001"></testcase><testcase classname="main_test_script.EUDATHandleClientSearchNoAccessTestCase" name="test_create_revlookup_query_normal" time="0.000"></testcase><testcase classname="main_test_script.EUDATHandleClientSearchNoAccessTestCase" name="test_create_revlookup_query_noterms" time="0.001"></testcase><testcase classname="main_test_script.EUDATHandleClientSearchNoAccessTestCase" name="test_instantiate_wrong_search_url" time="0.001"></testcase><testcase classname="main_test_script.EUDATHandleClientSearchNoAccessTestCase" name="test_search_handle_for_forbiddenkeys" time="0.001"></testcase><testcase classname="main_test_script.EUDATHandleClientSearchNoAccessTestCase" name="test_search_handle_for_fulltext" time="0.001"></testcase><testcase classname="main_test_script.EUDATHandleClientSearchNoAccessTestCase" name="test_search_handle_noterms" time="0.000"></testcase><testcase classname="main_test_script.EUDATHandleClientWriteaccessPatchedTestCase" name="test_GenericHandleError" time="0.003"></testcase><testcase classname="main_test_script.EUDATHandleClientWriteaccessPatchedTestCase" name="test_add_additional_URL_alreadythere" time="0.004"></testcase><testcase classname="main_test_script.EUDATHandleClientWriteaccessPatchedTestCase" name="test_add_additional_URL_another" time="0.005"></testcase><testcase classname="main_test_script.EUDATHandleClientWriteaccessPatchedTestCase" name="test_add_additional_URL_first" time="0.005"></testcase><testcase classname="main_test_script.EUDATHandleClientWriteaccessPatchedTestCase" name="test_add_additional_URL_several" time="0.008"></testcase><testcase classname="main_test_script.EUDATHandleClientWriteaccessPatchedTestCase" name="test_add_additional_URL_several_toempty" time="0.007"></testcase><testcase classname="main_test_script.EUDATHandleClientWriteaccessPatchedTestCase" name="test_add_additional_URL_to_inexistent_handle" time="0.003"></testcase><testcase classname="main_test_script.EUDATHandleClientWriteaccessPatchedTestCase" name="test_delete_handle" time="0.004"></testcase><testcase classname="main_test_script.EUDATHandleClientWriteaccessPatchedTestCase" name="test_delete_handle_inexistent" time="0.003"></testcase><testcase classname="main_test_script.EUDATHandleClientWriteaccessPatchedTestCase" name="test_delete_handle_too_many_args" time="0.002"></testcase><testcase classname="main_test_script.EUDATHandleClientWriteaccessPatchedTestCase" name="test_delete_handle_value_inexistent_entry" time="0.003"></testcase><testcase classname="main_test_script.EUDATHandleClientWriteaccessPatchedTestCase" name="test_delete_handle_value_one_entry" time="0.004"></testcase><testcase classname="main_test_script.EUDATHandleClientWriteaccessPatchedTestCase" name="test_delete_handle_value_several_entries" time="0.004"></testcase><testcase classname="main_test_script.EUDATHandleClientWriteaccessPatchedTestCase" name="test_delete_handle_value_several_entries_one_nonexistent" time="0.004"></testcase><testcase classname="main_test_script.EUDATHandleClientWriteaccessPatchedTestCase" name="test_delete_handle_value_several_occurrences" time="0.004"></testcase><testcase classname="main_test_script.EUDATHandleClientWriteaccessPatchedTestCase" name="test_exchange_additional_URL_doesnotexist" time="0.003"></testcase><testcase classname="main_test_script.EUDATHandleClientWriteaccessPatchedTestCase" name="test_exchange_additional_URL_no10320loc" time="0.004"></testcase><testcase classname="main_test_script.EUDATHandleClientWriteaccessPatchedTestCase" name="test_exchange_additional_URL_normal" time="0.005"></testcase><testcase classname="main_test_script.EUDATHandleClientWriteaccessPatchedTestCase" name="test_generate_and_register_handle" time="0.005"></testcase><testcase classname="main_test_script.EUDATHandleClientWriteaccessPatchedTestCase" name="test_modify_handle_value_HS_ADMIN" time="0.003"></testcase><testcase classname="main_test_script.EUDATHandleClientWriteaccessPatchedTestCase" name="test_modify_handle_value_corrupted" time="0.003"></testcase><testcase classname="main_test_script.EUDATHandleClientWriteaccessPatchedTestCase" name="test_modify_handle_value_one" time="0.005"></testcase><testcase classname="main_test_script.EUDATHandleClientWriteaccessPatchedTestCase" name="test_modify_handle_value_several" time="0.004"></testcase><testcase classname="main_test_script.EUDATHandleClientWriteaccessPatchedTestCase" name="test_modify_handle_value_several_inexistent" time="0.004"></testcase><testcase classname="main_test_script.EUDATHandleClientWriteaccessPatchedTestCase" name="test_modify_handle_value_without_authentication" time="0.004"></testcase><testcase classname="main_test_script.EUDATHandleClientWriteaccessPatchedTestCase" name="test_register_handle" time="0.006"></testcase><testcase classname="main_test_script.EUDATHandleClientWriteaccessPatchedTestCase" name="test_register_handle_already_exists" time="0.003"></testcase><testcase classname="main_test_script.EUDATHandleClientWriteaccessPatchedTestCase" name="test_register_handle_already_exists_overwrite" time="0.006"></testcase><testcase classname="main_test_script.EUDATHandleClientWriteaccessPatchedTestCase" name="test_remove_additional_URL" time="0.004"></testcase><testcase classname="main_test_script.EUDATHandleClientWriteaccessPatchedTestCase" name="test_remove_additional_URL_inexistent_handle" time="0.003"></testcase><testcase classname="main_test_script.EUDATHandleClientWriteaccessPatchedTestCase" name="test_remove_additional_URL_several" time="0.005"></testcase><testcase classname="main_test_script.EUDATHandleClientWriteaccessPatchedTestCase" name="test_remove_additional_URL_toempty" time="0.004"></testcase><testcase classname="main_test_script.EUDATHandleClientWriteaccessPatchedTestCase" name="test_search_handle" time="0.003"></testcase><testcase classname="main_test_script.EUDATHandleClientWriteaccessPatchedTestCase" name="test_search_handle_emptylist" time="0.003"></testcase><testcase classname="main_test_script.EUDATHandleClientWriteaccessPatchedTestCase" name="test_search_handle_for_url" time="0.003"></testcase><testcase classname="main_test_script.EUDATHandleClientWriteaccessPatchedTestCase" name="test_search_handle_fulltext" time="0.003"></testcase><testcase classname="main_test_script.EUDATHandleClientWriteaccessPatchedTestCase" name="test_search_handle_handleurl" time="0.005"></testcase><testcase classname="main_test_script.EUDATHandleClientWriteaccessPatchedTestCase" name="test_search_handle_prefixfilter" time="0.003"></testcase><testcase classname="main_test_script.EUDATHandleClientWriteaccessPatchedTestCase" name="test_search_handle_prefixfilter_realprefix" time="0.003"></testcase><testcase classname="main_test_script.EUDATHandleClientWriteaccessPatchedTestCase" name="test_search_handle_wrong_url" time="0.004"></testcase><testcase classname="main_test_script.PIDClientCredentialsTestCase" name="test_config_from_init" time="0.000"></testcase><testcase classname="main_test_script.PIDClientCredentialsTestCase" name="test_config_from_json" time="0.001"></testcase><testcase classname="main_test_script.PIDClientCredentialsTestCase" name="test_credentials_constructor1" time="0.000"></testcase><testcase classname="main_test_script.PIDClientCredentialsTestCase" name="test_credentials_constructor2" time="0.000"></testcase><testcase classname="main_test_script.PIDClientCredentialsTestCase" name="test_credentials_constructor3" time="0.000"></testcase><testcase classname="main_test_script.PIDClientCredentialsTestCase" name="test_credentials_from_json" time="0.001"></testcase><testcase classname="main_test_script.PIDClientCredentialsTestCase" name="test_credentials_from_json_empty_items" time="0.000"></testcase><testcase classname="main_test_script.PIDClientCredentialsTestCase" name="test_credentials_from_json_invalid_username" time="0.000"></testcase><testcase classname="main_test_script.PIDClientCredentialsTestCase" name="test_credentials_from_json_missing_items" time="0.000"></testcase><testcase classname="main_test_script.PIDClientCredentialsTestCase" name="test_credentials_from_json_username_without_index" time="0.000"></testcase><testcase classname="main_test_script.PIDClientCredentialsTestCase" name="test_credentials_invalid_username" time="0.000"></testcase><testcase classname="main_test_script.PIDClientCredentialsTestCase" name="test_getters" time="0.001"></testcase></testsuite>